2025-11-06 21:09:41 - Request received
POST data: Array
(
    [email] => Test@gmail.com
    [password] => 123456
    [action] => login
)

2025-11-06 21:12:37 - Request received
POST data: Array
(
    [action] => check
)

2025-11-06 21:13:09 - Request received
POST data: Array
(
    [action] => check
)

2025-11-06 21:13:43 - Request received
POST data: Array
(
    [email] => Test@modilo.com
    [password] => u5gd
    [action] => login
)

2025-11-06 21:14:28 - Request received
POST data: Array
(
    [email] => Test@modilo.com
    [password] => u5gd
    [action] => login
)

